2022-04-29 02:33:17,565:INFO:PyCaret Supervised Module
2022-04-29 02:33:17,566:INFO:ML Usecase: regression
2022-04-29 02:33:17,566:INFO:version 2.3.9
2022-04-29 02:33:17,567:INFO:Initializing setup()
2022-04-29 02:33:17,567:INFO:setup(target=median_housing_value, ml_usecase=regression, available_plots={'parameter': 'Hyperparameters', 'residuals': 'Residuals', 'error': 'Prediction Error', 'cooks': 'Cooks Distance', 'rfe': 'Feature Selection', 'learning': 'Learning Curve', 'manifold': 'Manifold Learning', 'vc': 'Validation Curve', 'feature': 'Feature Importance', 'feature_all': 'Feature Importance (All)', 'tree': 'Decision Tree', 'residuals_interactive': 'Interactive Residuals'}, train_size=0.7, test_data=None, preprocess=True, imputation_type=simple, iterative_imputation_iters=5, categorical_features=None, categorical_imputation=str, categorical_iterative_imputer=lightgbm, ordinal_features=None, high_cardinality_features=None, high_cardinality_method=frequency, numeric_features=None, numeric_imputation=median, numeric_iterative_imputer=lightgbm, date_features=None, ignore_features=None, normalize=False, normalize_method=zscore, transformation=False, transformation_method=yeo-johnson, handle_unknown_categorical=True, unknown_categorical_method=least_frequent, pca=False, pca_method=linear, pca_components=None, ignore_low_variance=False, combine_rare_levels=False, rare_level_threshold=0.1, bin_numeric_features=None, remove_outliers=False, outliers_threshold=0.05, remove_multicollinearity=False, multicollinearity_threshold=0.9, remove_perfect_collinearity=True, create_clusters=False, cluster_iter=20, polynomial_features=False, polynomial_degree=2, trigonometry_features=False, polynomial_threshold=0.1, group_features=None, group_names=None, feature_selection=False, feature_selection_threshold=0.8, feature_selection_method=classic, feature_interaction=False, feature_ratio=False, interaction_threshold=0.01, fix_imbalance=False, fix_imbalance_method=None, transform_target=False, transform_target_method=box-cox, data_split_shuffle=True, data_split_stratify=False, fold_strategy=kfold, fold=10, fold_shuffle=False, fold_groups=None, n_jobs=-1, use_gpu=False, custom_pipeline=None, html=True, session_id=None, log_experiment=False, experiment_name=None, experiment_custom_tags=None, log_plots=False, log_profile=False, log_data=False, silent=False, verbose=True, profile=False, profile_kwargs=None, display=None)
2022-04-29 02:33:17,567:INFO:Checking environment
2022-04-29 02:33:17,567:INFO:python_version: 3.9.6
2022-04-29 02:33:17,567:INFO:python_build: ('default', 'Jul 11 2021 03:36:15')
2022-04-29 02:33:17,567:INFO:machine: x86_64
2022-04-29 02:33:17,567:INFO:platform: macOS-11.6.5-x86_64-i386-64bit
2022-04-29 02:33:17,568:WARNING:cannot find psutil installation. memory not traceable. Install psutil using pip to enable memory logging.
2022-04-29 02:33:17,568:INFO:Checking libraries
2022-04-29 02:33:17,568:INFO:pd==1.3.3
2022-04-29 02:33:17,568:INFO:numpy==1.20.2
2022-04-29 02:33:17,568:INFO:sklearn==0.23.2
2022-04-29 02:33:17,568:INFO:lightgbm==3.3.2
2022-04-29 02:33:17,569:WARNING:catboost not found
2022-04-29 02:33:17,569:WARNING:xgboost not found
2022-04-29 02:33:17,569:INFO:mlflow==1.25.1
2022-04-29 02:33:17,569:INFO:Checking Exceptions
2022-04-29 02:33:35,001:INFO:PyCaret Supervised Module
2022-04-29 02:33:35,001:INFO:ML Usecase: regression
2022-04-29 02:33:35,001:INFO:version 2.3.9
2022-04-29 02:33:35,001:INFO:Initializing setup()
2022-04-29 02:33:35,001:INFO:setup(target=median_house_value, ml_usecase=regression, available_plots={'parameter': 'Hyperparameters', 'residuals': 'Residuals', 'error': 'Prediction Error', 'cooks': 'Cooks Distance', 'rfe': 'Feature Selection', 'learning': 'Learning Curve', 'manifold': 'Manifold Learning', 'vc': 'Validation Curve', 'feature': 'Feature Importance', 'feature_all': 'Feature Importance (All)', 'tree': 'Decision Tree', 'residuals_interactive': 'Interactive Residuals'}, train_size=0.7, test_data=None, preprocess=True, imputation_type=simple, iterative_imputation_iters=5, categorical_features=None, categorical_imputation=str, categorical_iterative_imputer=lightgbm, ordinal_features=None, high_cardinality_features=None, high_cardinality_method=frequency, numeric_features=None, numeric_imputation=median, numeric_iterative_imputer=lightgbm, date_features=None, ignore_features=None, normalize=False, normalize_method=zscore, transformation=False, transformation_method=yeo-johnson, handle_unknown_categorical=True, unknown_categorical_method=least_frequent, pca=False, pca_method=linear, pca_components=None, ignore_low_variance=False, combine_rare_levels=False, rare_level_threshold=0.1, bin_numeric_features=None, remove_outliers=False, outliers_threshold=0.05, remove_multicollinearity=False, multicollinearity_threshold=0.9, remove_perfect_collinearity=True, create_clusters=False, cluster_iter=20, polynomial_features=False, polynomial_degree=2, trigonometry_features=False, polynomial_threshold=0.1, group_features=None, group_names=None, feature_selection=False, feature_selection_threshold=0.8, feature_selection_method=classic, feature_interaction=False, feature_ratio=False, interaction_threshold=0.01, fix_imbalance=False, fix_imbalance_method=None, transform_target=False, transform_target_method=box-cox, data_split_shuffle=True, data_split_stratify=False, fold_strategy=kfold, fold=10, fold_shuffle=False, fold_groups=None, n_jobs=-1, use_gpu=False, custom_pipeline=None, html=True, session_id=None, log_experiment=False, experiment_name=None, experiment_custom_tags=None, log_plots=False, log_profile=False, log_data=False, silent=False, verbose=True, profile=False, profile_kwargs=None, display=None)
2022-04-29 02:33:35,002:INFO:Checking environment
2022-04-29 02:33:35,003:INFO:python_version: 3.9.6
2022-04-29 02:33:35,003:INFO:python_build: ('default', 'Jul 11 2021 03:36:15')
2022-04-29 02:33:35,003:INFO:machine: x86_64
2022-04-29 02:33:35,003:INFO:platform: macOS-11.6.5-x86_64-i386-64bit
2022-04-29 02:33:35,003:WARNING:cannot find psutil installation. memory not traceable. Install psutil using pip to enable memory logging.
2022-04-29 02:33:35,003:INFO:Checking libraries
2022-04-29 02:33:35,004:INFO:pd==1.3.3
2022-04-29 02:33:35,004:INFO:numpy==1.20.2
2022-04-29 02:33:35,004:INFO:sklearn==0.23.2
2022-04-29 02:33:35,004:INFO:lightgbm==3.3.2
2022-04-29 02:33:35,004:WARNING:catboost not found
2022-04-29 02:33:35,004:WARNING:xgboost not found
2022-04-29 02:33:35,005:INFO:mlflow==1.25.1
2022-04-29 02:33:35,005:INFO:Checking Exceptions
2022-04-29 02:33:43,874:INFO:PyCaret Supervised Module
2022-04-29 02:33:43,875:INFO:ML Usecase: regression
2022-04-29 02:33:43,875:INFO:version 2.3.9
2022-04-29 02:33:43,875:INFO:Initializing setup()
2022-04-29 02:33:43,875:INFO:setup(target=median_house_value, ml_usecase=regression, available_plots={'parameter': 'Hyperparameters', 'residuals': 'Residuals', 'error': 'Prediction Error', 'cooks': 'Cooks Distance', 'rfe': 'Feature Selection', 'learning': 'Learning Curve', 'manifold': 'Manifold Learning', 'vc': 'Validation Curve', 'feature': 'Feature Importance', 'feature_all': 'Feature Importance (All)', 'tree': 'Decision Tree', 'residuals_interactive': 'Interactive Residuals'}, train_size=0.7, test_data=None, preprocess=True, imputation_type=simple, iterative_imputation_iters=5, categorical_features=None, categorical_imputation=str, categorical_iterative_imputer=lightgbm, ordinal_features=None, high_cardinality_features=None, high_cardinality_method=frequency, numeric_features=None, numeric_imputation=median, numeric_iterative_imputer=lightgbm, date_features=None, ignore_features=None, normalize=False, normalize_method=zscore, transformation=False, transformation_method=yeo-johnson, handle_unknown_categorical=True, unknown_categorical_method=least_frequent, pca=False, pca_method=linear, pca_components=None, ignore_low_variance=False, combine_rare_levels=False, rare_level_threshold=0.1, bin_numeric_features=None, remove_outliers=False, outliers_threshold=0.05, remove_multicollinearity=False, multicollinearity_threshold=0.9, remove_perfect_collinearity=True, create_clusters=False, cluster_iter=20, polynomial_features=False, polynomial_degree=2, trigonometry_features=False, polynomial_threshold=0.1, group_features=None, group_names=None, feature_selection=False, feature_selection_threshold=0.8, feature_selection_method=classic, feature_interaction=False, feature_ratio=False, interaction_threshold=0.01, fix_imbalance=False, fix_imbalance_method=None, transform_target=False, transform_target_method=box-cox, data_split_shuffle=True, data_split_stratify=False, fold_strategy=kfold, fold=10, fold_shuffle=False, fold_groups=None, n_jobs=-1, use_gpu=False, custom_pipeline=None, html=True, session_id=None, log_experiment=False, experiment_name=None, experiment_custom_tags=None, log_plots=False, log_profile=False, log_data=False, silent=False, verbose=True, profile=False, profile_kwargs=None, display=None)
2022-04-29 02:33:43,875:INFO:Checking environment
2022-04-29 02:33:43,876:INFO:python_version: 3.9.6
2022-04-29 02:33:43,876:INFO:python_build: ('default', 'Jul 11 2021 03:36:15')
2022-04-29 02:33:43,876:INFO:machine: x86_64
2022-04-29 02:33:43,876:INFO:platform: macOS-11.6.5-x86_64-i386-64bit
2022-04-29 02:33:43,876:WARNING:cannot find psutil installation. memory not traceable. Install psutil using pip to enable memory logging.
2022-04-29 02:33:43,876:INFO:Checking libraries
2022-04-29 02:33:43,876:INFO:pd==1.3.3
2022-04-29 02:33:43,876:INFO:numpy==1.20.2
2022-04-29 02:33:43,876:INFO:sklearn==0.23.2
2022-04-29 02:33:43,876:INFO:lightgbm==3.3.2
2022-04-29 02:33:43,877:WARNING:catboost not found
2022-04-29 02:33:43,877:WARNING:xgboost not found
2022-04-29 02:33:43,877:INFO:mlflow==1.25.1
2022-04-29 02:33:43,877:INFO:Checking Exceptions
2022-04-29 02:34:07,337:INFO:PyCaret Supervised Module
2022-04-29 02:34:07,338:INFO:ML Usecase: regression
2022-04-29 02:34:07,338:INFO:version 2.3.9
2022-04-29 02:34:07,338:INFO:Initializing setup()
2022-04-29 02:34:07,338:INFO:setup(target=median_house_value, ml_usecase=regression, available_plots={'parameter': 'Hyperparameters', 'residuals': 'Residuals', 'error': 'Prediction Error', 'cooks': 'Cooks Distance', 'rfe': 'Feature Selection', 'learning': 'Learning Curve', 'manifold': 'Manifold Learning', 'vc': 'Validation Curve', 'feature': 'Feature Importance', 'feature_all': 'Feature Importance (All)', 'tree': 'Decision Tree', 'residuals_interactive': 'Interactive Residuals'}, train_size=0.7, test_data=None, preprocess=True, imputation_type=simple, iterative_imputation_iters=5, categorical_features=None, categorical_imputation=constant, categorical_iterative_imputer=lightgbm, ordinal_features=None, high_cardinality_features=None, high_cardinality_method=frequency, numeric_features=None, numeric_imputation=median, numeric_iterative_imputer=lightgbm, date_features=None, ignore_features=None, normalize=False, normalize_method=zscore, transformation=False, transformation_method=yeo-johnson, handle_unknown_categorical=True, unknown_categorical_method=least_frequent, pca=False, pca_method=linear, pca_components=None, ignore_low_variance=False, combine_rare_levels=False, rare_level_threshold=0.1, bin_numeric_features=None, remove_outliers=False, outliers_threshold=0.05, remove_multicollinearity=False, multicollinearity_threshold=0.9, remove_perfect_collinearity=True, create_clusters=False, cluster_iter=20, polynomial_features=False, polynomial_degree=2, trigonometry_features=False, polynomial_threshold=0.1, group_features=None, group_names=None, feature_selection=False, feature_selection_threshold=0.8, feature_selection_method=classic, feature_interaction=False, feature_ratio=False, interaction_threshold=0.01, fix_imbalance=False, fix_imbalance_method=None, transform_target=False, transform_target_method=box-cox, data_split_shuffle=True, data_split_stratify=False, fold_strategy=kfold, fold=10, fold_shuffle=False, fold_groups=None, n_jobs=-1, use_gpu=False, custom_pipeline=None, html=True, session_id=None, log_experiment=False, experiment_name=None, experiment_custom_tags=None, log_plots=False, log_profile=False, log_data=False, silent=False, verbose=True, profile=False, profile_kwargs=None, display=None)
2022-04-29 02:34:07,338:INFO:Checking environment
2022-04-29 02:34:07,339:INFO:python_version: 3.9.6
2022-04-29 02:34:07,339:INFO:python_build: ('default', 'Jul 11 2021 03:36:15')
2022-04-29 02:34:07,339:INFO:machine: x86_64
2022-04-29 02:34:07,339:INFO:platform: macOS-11.6.5-x86_64-i386-64bit
2022-04-29 02:34:07,339:WARNING:cannot find psutil installation. memory not traceable. Install psutil using pip to enable memory logging.
2022-04-29 02:34:07,339:INFO:Checking libraries
2022-04-29 02:34:07,339:INFO:pd==1.3.3
2022-04-29 02:34:07,339:INFO:numpy==1.20.2
2022-04-29 02:34:07,339:INFO:sklearn==0.23.2
2022-04-29 02:34:07,340:INFO:lightgbm==3.3.2
2022-04-29 02:34:07,340:WARNING:catboost not found
2022-04-29 02:34:07,341:WARNING:xgboost not found
2022-04-29 02:34:07,341:INFO:mlflow==1.25.1
2022-04-29 02:34:07,341:INFO:Checking Exceptions
2022-04-29 02:34:07,341:INFO:Declaring global variables
2022-04-29 02:34:07,341:INFO:USI: 17ed
2022-04-29 02:34:07,342:INFO:pycaret_globals: {'master_model_container', 'pycaret_globals', 'fix_imbalance_method_param', 'y', '_all_models', 'prep_pipe', 'fold_param', 'dashboard_logger', 'gpu_param', '_internal_pipeline', '_gpu_n_jobs_param', 'exp_name_log', 'data_before_preprocess', '_all_models_internal', 'log_plots_param', 'target_param', 'display_container', 'html_param', 'fold_groups_param', '_all_metrics', '_ml_usecase', '_available_plots', 'logging_param', 'y_train', 'n_jobs_param', 'imputation_regressor', 'fold_groups_param_full', 'transform_target_param', 'seed', 'imputation_classifier', 'y_test', 'experiment__', 'create_model_container', 'iterative_imputation_iters_param', 'stratify_param', 'fold_shuffle_param', 'X', 'X_train', 'fix_imbalance_param', 'X_test', 'transform_target_method_param', 'USI', 'fold_generator'}
2022-04-29 02:34:07,342:INFO:Preparing display monitor
2022-04-29 02:34:07,342:INFO:Preparing display monitor
2022-04-29 02:34:07,354:INFO:Importing libraries
2022-04-29 02:34:07,355:INFO:Copying data for preprocessing
2022-04-29 02:34:07,365:INFO:Declaring preprocessing parameters
2022-04-29 02:34:07,368:INFO:Creating preprocessing pipeline
2022-04-29 02:34:07,394:INFO:Preprocessing pipeline created successfully
2022-04-29 02:34:07,394:ERROR:(Process Exit): setup has been interupted with user command 'quit'. setup must rerun.
2022-04-29 02:34:07,394:INFO:Creating global containers
2022-04-29 02:34:07,397:INFO:Internal pipeline: Pipeline(memory=None, steps=[('empty_step', 'passthrough')], verbose=False)
2022-04-29 02:34:33,831:WARNING:Couldn't import xgboost.XGBRegressor
2022-04-29 02:34:33,832:WARNING:Couldn't import catboost.CatBoostRegressor
2022-04-29 02:34:33,925:WARNING:Couldn't import xgboost.XGBRegressor
2022-04-29 02:34:33,925:WARNING:Couldn't import catboost.CatBoostRegressor
2022-04-29 02:34:33,925:INFO:Creating grid variables
2022-04-29 02:34:33,937:INFO:create_model_container: 0
2022-04-29 02:34:33,937:INFO:master_model_container: 0
2022-04-29 02:34:33,937:INFO:display_container: 1
2022-04-29 02:34:33,941:INFO:Pipeline(memory=None,
         steps=[('dtypes',
                 DataTypes_Auto_infer(categorical_features=[],
                                      display_types=True, features_todrop=[],
                                      id_columns=[], ml_usecase='regression',
                                      numerical_features=[],
                                      target='median_house_value',
                                      time_features=[])),
                ('imputer',
                 Simple_Imputer(categorical_strategy='not_available',
                                fill_value_categorical=None,
                                fill_value_numerical=None,
                                numer...
                ('scaling', 'passthrough'), ('P_transform', 'passthrough'),
                ('binn', 'passthrough'), ('rem_outliers', 'passthrough'),
                ('cluster_all', 'passthrough'),
                ('dummy', Dummify(target='median_house_value')),
                ('fix_perfect', Remove_100(target='median_house_value')),
                ('clean_names', Clean_Colum_Names()),
                ('feature_select', 'passthrough'), ('fix_multi', 'passthrough'),
                ('dfs', 'passthrough'), ('pca', 'passthrough')],
         verbose=False)
2022-04-29 02:34:33,941:INFO:setup() succesfully completed......................................
